This file contains any messages produced by compilers while
running configure, to aid debugging if configure makes a mistake.

It was created by Torc-Lite configure 0.1a, which was
generated by GNU Autoconf 2.69.  Invocation command line was

  $ ./configure CC=mpicc --prefix=/home/tudorm/GliomaSolver/lib/usr/torc --with-maxnodes=1024

## --------- ##
## Platform. ##
## --------- ##

hostname = atnavab66
uname -m = x86_64
uname -r = 4.4.0-171-generic
uname -s = Linux
uname -v = #200-Ubuntu SMP Tue Dec 3 11:04:55 UTC 2019

/usr/bin/uname -p = unknown
/bin/uname -X     = unknown

/bin/arch              = unknown
/usr/bin/arch -k       = unknown
/usr/convex/getsysinfo = unknown
/usr/bin/hostinfo      = unknown
/bin/machine           = unknown
/usr/bin/oslevel       = unknown
/bin/universe          = unknown

PATH: /home/tudorm/GliomaSolver/lib/usr/torc/bin
PATH: /home/tudorm/GliomaSolver/lib/mpich-install/bin
PATH: /home/tudorm/usr/torc/bin
PATH: /home/tudorm/gfortran_symlink
PATH: /usr/local/cuda-10.1/bin
PATH: /home/tudorm/bin
PATH: /home/tudorm/.local/bin
PATH: /home/tudorm/GliomaSolver/lib/usr/torc/bin
PATH: /home/tudorm/GliomaSolver/lib/mpich-install/bin
PATH: /home/tudorm/usr/torc/bin
PATH: /usr/local/cuda-10.1/bin
PATH: /home/tudorm/miniconda3/bin
PATH: /home/tudorm/miniconda3/condabin
PATH: /usr/local/sbin
PATH: /usr/local/bin
PATH: /usr/sbin
PATH: /usr/bin
PATH: /sbin
PATH: /bin
PATH: /usr/games
PATH: /usr/local/games
PATH: /snap/bin


## ----------- ##
## Core tests. ##
## ----------- ##

configure:2290: checking build system type
configure:2304: result: x86_64-unknown-linux-gnu
configure:2324: checking host system type
configure:2337: result: x86_64-unknown-linux-gnu
configure:2357: checking target system type
configure:2370: result: x86_64-unknown-linux-gnu
configure:2416: checking for a BSD-compatible install
configure:2484: result: /usr/bin/install -c
configure:2495: checking whether build environment is sane
configure:2550: result: yes
configure:2701: checking for a thread-safe mkdir -p
configure:2740: result: /bin/mkdir -p
configure:2747: checking for gawk
configure:2763: found /usr/bin/gawk
configure:2774: result: gawk
configure:2785: checking whether make sets $(MAKE)
configure:2807: result: yes
configure:2836: checking whether make supports nested variables
configure:2853: result: yes
configure:3092: checking for C compiler version
configure:3101: mpicc --version >&5
gcc (Ubuntu 5.4.0-6ubuntu1~16.04.12) 5.4.0 20160609
Copyright (C) 2015 Free Software Foundation, Inc.
This is free software; see the source for copying conditions.  There is NO
warranty; not even for MERCHANTABILITY or FITNESS FOR A PARTICULAR PURPOSE.

configure:3112: $? = 0
configure:3101: mpicc -v >&5
mpicc for MPICH version 3.2.1
Using built-in specs.
COLLECT_GCC=gcc
COLLECT_LTO_WRAPPER=/usr/lib/gcc/x86_64-linux-gnu/5/lto-wrapper
Target: x86_64-linux-gnu
Configured with: ../src/configure -v --with-pkgversion='Ubuntu 5.4.0-6ubuntu1~16.04.12' --with-bugurl=file:///usr/share/doc/gcc-5/README.Bugs --enable-languages=c,ada,c++,java,go,d,fortran,objc,obj-c++ --prefix=/usr --program-suffix=-5 --enable-shared --enable-linker-build-id --libexecdir=/usr/lib --without-included-gettext --enable-threads=posix --libdir=/usr/lib --enable-nls --with-sysroot=/ --enable-clocale=gnu --enable-libstdcxx-debug --enable-libstdcxx-time=yes --with-default-libstdcxx-abi=new --enable-gnu-unique-object --disable-vtable-verify --enable-libmpx --enable-plugin --with-system-zlib --disable-browser-plugin --enable-java-awt=gtk --enable-gtk-cairo --with-java-home=/usr/lib/jvm/java-1.5.0-gcj-5-amd64/jre --enable-java-home --with-jvm-root-dir=/usr/lib/jvm/java-1.5.0-gcj-5-amd64 --with-jvm-jar-dir=/usr/lib/jvm-exports/java-1.5.0-gcj-5-amd64 --with-arch-directory=amd64 --with-ecj-jar=/usr/share/java/eclipse-ecj.jar --enable-objc-gc --enable-multiarch --disable-werror --with-arch-32=i686 --with-abi=m64 --with-multilib-list=m32,m64,mx32 --enable-multilib --with-tune=generic --enable-checking=release --build=x86_64-linux-gnu --host=x86_64-linux-gnu --target=x86_64-linux-gnu
Thread model: posix
gcc version 5.4.0 20160609 (Ubuntu 5.4.0-6ubuntu1~16.04.12) 
configure:3112: $? = 0
configure:3101: mpicc -V >&5
gcc: error: unrecognized command line option '-V'
configure:3112: $? = 1
configure:3101: mpicc -qversion >&5
gcc: error: unrecognized command line option '-qversion'
configure:3112: $? = 1
configure:3132: checking whether the C compiler works
configure:3154: mpicc    conftest.c  >&5
configure:3158: $? = 0
configure:3206: result: yes
configure:3209: checking for C compiler default output file name
configure:3211: result: a.out
configure:3217: checking for suffix of executables
configure:3224: mpicc -o conftest    conftest.c  >&5
configure:3228: $? = 0
configure:3250: result: 
configure:3272: checking whether we are cross compiling
configure:3280: mpicc -o conftest    conftest.c  >&5
configure:3284: $? = 0
configure:3291: ./conftest
configure:3295: $? = 0
configure:3310: result: no
configure:3315: checking for suffix of object files
configure:3337: mpicc -c   conftest.c >&5
configure:3341: $? = 0
configure:3362: result: o
configure:3366: checking whether we are using the GNU C compiler
configure:3385: mpicc -c   conftest.c >&5
configure:3385: $? = 0
configure:3394: result: yes
configure:3403: checking whether mpicc accepts -g
configure:3423: mpicc -c -g  conftest.c >&5
configure:3423: $? = 0
configure:3464: result: yes
configure:3481: checking for mpicc option to accept ISO C89
configure:3544: mpicc  -c -g -O2  conftest.c >&5
configure:3544: $? = 0
configure:3557: result: none needed
configure:3582: checking whether mpicc understands -c and -o together
configure:3604: mpicc -c conftest.c -o conftest2.o
configure:3607: $? = 0
configure:3604: mpicc -c conftest.c -o conftest2.o
configure:3607: $? = 0
configure:3619: result: yes
configure:3647: checking for style of include used by make
configure:3675: result: GNU
configure:3701: checking dependency style of mpicc
configure:3812: result: gcc3
configure:3880: checking for mpif90
configure:3910: result: no
configure:3933: checking for Fortran 77 compiler version
configure:3942:  --version >&5
./configure: line 3944: --version: command not found
configure:3953: $? = 127
configure:3942:  -v >&5
./configure: line 3944: -v: command not found
configure:3953: $? = 127
configure:3942:  -V >&5
./configure: line 3944: -V: command not found
configure:3953: $? = 127
configure:3942:  -qversion >&5
./configure: line 3944: -qversion: command not found
configure:3953: $? = 127
configure:3962: checking whether we are using the GNU Fortran 77 compiler
configure:3975:  -c  conftest.F >&5
./configure: line 1564: -c: command not found
configure:3975: $? = 127
configure: failed program was:
|       program main
| #ifndef __GNUC__
|        choke me
| #endif
| 
|       end
configure:3984: result: no
configure:3990: checking whether  accepts -g
configure:4001:  -c -g conftest.f >&5
./configure: line 1564: -c: command not found
configure:4001: $? = 127
configure: failed program was:
|       program main
| 
|       end
configure:4009: result: no
configure:4050: checking how to run the C preprocessor
configure:4081: mpicc -E  conftest.c
configure:4081: $? = 0
configure:4095: mpicc -E  conftest.c
conftest.c:11:28: fatal error: ac_nonexistent.h: No such file or directory
compilation terminated.
configure:4095: $? = 1
configure: failed program was:
| /* confdefs.h */
| #define PACKAGE_NAME "Torc-Lite"
| #define PACKAGE_TARNAME "Torc-Lite"
| #define PACKAGE_VERSION "0.1a"
| #define PACKAGE_STRING "Torc-Lite 0.1a"
| #define PACKAGE_BUGREPORT ""
| #define PACKAGE_URL ""
| #define PACKAGE "Torc-Lite"
| #define VERSION "0.1a"
| /* end confdefs.h.  */
| #include <ac_nonexistent.h>
configure:4120: result: mpicc -E
configure:4140: mpicc -E  conftest.c
configure:4140: $? = 0
configure:4154: mpicc -E  conftest.c
conftest.c:11:28: fatal error: ac_nonexistent.h: No such file or directory
compilation terminated.
configure:4154: $? = 1
configure: failed program was:
| /* confdefs.h */
| #define PACKAGE_NAME "Torc-Lite"
| #define PACKAGE_TARNAME "Torc-Lite"
| #define PACKAGE_VERSION "0.1a"
| #define PACKAGE_STRING "Torc-Lite 0.1a"
| #define PACKAGE_BUGREPORT ""
| #define PACKAGE_URL ""
| #define PACKAGE "Torc-Lite"
| #define VERSION "0.1a"
| /* end confdefs.h.  */
| #include <ac_nonexistent.h>
configure:4183: checking whether make sets $(MAKE)
configure:4205: result: yes
configure:4257: checking for ranlib
configure:4273: found /usr/bin/ranlib
configure:4284: result: ranlib
configure:4315: checking dependency style of mpicc
configure:4424: result: gcc3
configure:4445: checking how to get verbose linking output from 
configure:4455:  -c  conftest.f >&5
./configure: line 1564: -c: command not found
configure:4455: $? = 127
configure: failed program was:
|       program main
| 
|       end
configure:4550: WARNING: compilation failed
configure:4556: result: 
configure:4558: checking for Fortran 77 libraries of 
configure:4581: -o conftest conftest.f
./configure: line 4586: -o: command not found
configure:4777: result: 
configure:4794: checking for dummy main to link with Fortran 77 libraries
configure:4828: mpicc -o conftest -g -O2   conftest.c   >&5
configure:4828: $? = 0
configure:4873: result: none
configure:4906: checking for Fortran 77 name-mangling scheme
configure:4919:  -c  conftest.f >&5
./configure: line 1564: -c: command not found
configure:4919: $? = 127
configure: failed program was:
|       subroutine foobar()
|       return
|       end
|       subroutine foo_bar()
|       return
|       end
configure:5052: error: in `/home/tudorm/GliomaSolver/tools/pi4u_lite/torc_lite':
configure:5054: error: cannot compile a simple Fortran program
See `config.log' for more details

## ---------------- ##
## Cache variables. ##
## ---------------- ##

ac_cv_build=x86_64-unknown-linux-gnu
ac_cv_c_compiler_gnu=yes
ac_cv_env_CCASFLAGS_set=
ac_cv_env_CCASFLAGS_value=
ac_cv_env_CCAS_set=
ac_cv_env_CCAS_value=
ac_cv_env_CC_set=set
ac_cv_env_CC_value=mpicc
ac_cv_env_CFLAGS_set=
ac_cv_env_CFLAGS_value=
ac_cv_env_CPPFLAGS_set=
ac_cv_env_CPPFLAGS_value=
ac_cv_env_CPP_set=
ac_cv_env_CPP_value=
ac_cv_env_F77_set=
ac_cv_env_F77_value=
ac_cv_env_FFLAGS_set=
ac_cv_env_FFLAGS_value=
ac_cv_env_LDFLAGS_set=
ac_cv_env_LDFLAGS_value=
ac_cv_env_LIBS_set=
ac_cv_env_LIBS_value=
ac_cv_env_build_alias_set=
ac_cv_env_build_alias_value=
ac_cv_env_host_alias_set=
ac_cv_env_host_alias_value=
ac_cv_env_target_alias_set=
ac_cv_env_target_alias_value=
ac_cv_f77_compiler_gnu=no
ac_cv_f77_dummy_main=none
ac_cv_f77_libs=
ac_cv_fortran_dummy_main=none
ac_cv_host=x86_64-unknown-linux-gnu
ac_cv_objext=o
ac_cv_path_install='/usr/bin/install -c'
ac_cv_path_mkdir=/bin/mkdir
ac_cv_prog_AWK=gawk
ac_cv_prog_CPP='mpicc -E'
ac_cv_prog_ac_ct_RANLIB=ranlib
ac_cv_prog_cc_c89=
ac_cv_prog_cc_g=yes
ac_cv_prog_f77_g=no
ac_cv_prog_make_make_set=yes
ac_cv_target=x86_64-unknown-linux-gnu
am_cv_CCAS_dependencies_compiler_type=gcc3
am_cv_CC_dependencies_compiler_type=gcc3
am_cv_make_support_nested_variables=yes
am_cv_prog_cc_c_o=yes

## ----------------- ##
## Output variables. ##
## ----------------- ##

ACLOCAL='${SHELL} /home/tudorm/GliomaSolver/tools/pi4u_lite/torc_lite/auxdir/missing aclocal-1.15'
AMDEPBACKSLASH='\'
AMDEP_FALSE='#'
AMDEP_TRUE=''
AMTAR='$${TAR-tar}'
AM_BACKSLASH='\'
AM_DEFAULT_V='$(AM_DEFAULT_VERBOSITY)'
AM_DEFAULT_VERBOSITY='1'
AM_V='$(V)'
AUTOCONF='${SHELL} /home/tudorm/GliomaSolver/tools/pi4u_lite/torc_lite/auxdir/missing autoconf'
AUTOHEADER='${SHELL} /home/tudorm/GliomaSolver/tools/pi4u_lite/torc_lite/auxdir/missing autoheader'
AUTOMAKE='${SHELL} /home/tudorm/GliomaSolver/tools/pi4u_lite/torc_lite/auxdir/missing automake-1.15'
AWK='gawk'
CC='mpicc'
CCAS='mpicc'
CCASDEPMODE='depmode=gcc3'
CCASFLAGS='-g -O2'
CCDEPMODE='depmode=gcc3'
CFLAGS='-g -O2'
CPP='mpicc -E'
CPPFLAGS=''
CYGPATH_W='echo'
DEBUG_FLAG=''
DEFS=''
DEPDIR='.deps'
ECHO_C=''
ECHO_N='-n'
ECHO_T=''
EGREP=''
EXEEXT=''
F77=''
FFLAGS=''
FLIBS=''
GREP=''
INSTALL_DATA='${INSTALL} -m 644'
INSTALL_PROGRAM='${INSTALL}'
INSTALL_SCRIPT='${INSTALL}'
INSTALL_STRIP_PROGRAM='$(install_sh) -c -s'
LDFLAGS=''
LIBOBJS=''
LIBS=''
LTLIBOBJS=''
MAKEINFO='${SHELL} /home/tudorm/GliomaSolver/tools/pi4u_lite/torc_lite/auxdir/missing makeinfo'
MKDIR_P='/bin/mkdir -p'
MPICC=''
MPILIB=''
NNODES=''
NVPS=''
OBJEXT='o'
PACKAGE='Torc-Lite'
PACKAGE_BUGREPORT=''
PACKAGE_NAME='Torc-Lite'
PACKAGE_STRING='Torc-Lite 0.1a'
PACKAGE_TARNAME='Torc-Lite'
PACKAGE_URL=''
PACKAGE_VERSION='0.1a'
PATH_SEPARATOR=':'
RANLIB='ranlib'
SET_MAKE=''
SHELL='/bin/bash'
STRIP=''
VERSION='0.1a'
ac_ct_CC=''
ac_ct_F77=''
am__EXEEXT_FALSE=''
am__EXEEXT_TRUE=''
am__fastdepCCAS_FALSE='#'
am__fastdepCCAS_TRUE=''
am__fastdepCC_FALSE='#'
am__fastdepCC_TRUE=''
am__include='include'
am__isrc=''
am__leading_dot='.'
am__nodep='_no'
am__quote=''
am__tar='$${TAR-tar} chof - "$$tardir"'
am__untar='$${TAR-tar} xf -'
bindir='${exec_prefix}/bin'
build='x86_64-unknown-linux-gnu'
build_alias=''
build_cpu='x86_64'
build_os='linux-gnu'
build_vendor='unknown'
datadir='${datarootdir}'
datarootdir='${prefix}/share'
docdir='${datarootdir}/doc/${PACKAGE_TARNAME}'
dvidir='${docdir}'
exec_prefix='NONE'
host='x86_64-unknown-linux-gnu'
host_alias=''
host_cpu='x86_64'
host_os='linux-gnu'
host_vendor='unknown'
htmldir='${docdir}'
includedir='${prefix}/include'
infodir='${datarootdir}/info'
install_sh='${SHELL} /home/tudorm/GliomaSolver/tools/pi4u_lite/torc_lite/auxdir/install-sh'
libdir='${exec_prefix}/lib'
libexecdir='${exec_prefix}/libexec'
localedir='${datarootdir}/locale'
localstatedir='${prefix}/var'
mandir='${datarootdir}/man'
mkdir_p='$(MKDIR_P)'
oldincludedir='/usr/include'
pdfdir='${docdir}'
prefix='/home/tudorm/GliomaSolver/lib/usr/torc'
program_transform_name='s,x,x,'
psdir='${docdir}'
runstatedir='${localstatedir}/run'
sbindir='${exec_prefix}/sbin'
sharedstatedir='${prefix}/com'
sysconfdir='${prefix}/etc'
target='x86_64-unknown-linux-gnu'
target_alias=''
target_cpu='x86_64'
target_os='linux-gnu'
target_vendor='unknown'

## ----------- ##
## confdefs.h. ##
## ----------- ##

/* confdefs.h */
#define PACKAGE_NAME "Torc-Lite"
#define PACKAGE_TARNAME "Torc-Lite"
#define PACKAGE_VERSION "0.1a"
#define PACKAGE_STRING "Torc-Lite 0.1a"
#define PACKAGE_BUGREPORT ""
#define PACKAGE_URL ""
#define PACKAGE "Torc-Lite"
#define VERSION "0.1a"

configure: exit 1
